Popular_VR/Intermediate/Android/arm64/gradle/app/build/intermediates/manifest_merge_blame_file/debug/manifest-merger-blame-debug-report.txt
1<?xml version="1.0" encoding="utf-8"?>
2<manifest xmlns:android="http://schemas.android.com/apk/res/android"
3    package="com.PopularInc.Popular_VR"
4    android:installLocation="internalOnly"
5    android:versionCode="1"
6    android:versionName="1.0" >
7
8    <uses-sdk
9        android:minSdkVersion="29"
9-->src\main\AndroidManifest.xml
10        android:targetSdkVersion="29" />
10-->src\main\AndroidManifest.xml
11    <!-- Requirements -->
12    <uses-feature
12-->src\main\AndroidManifest.xml:54:3-76
13        android:glEsVersion="0x00030002"
13-->src\main\AndroidManifest.xml:54:17-49
14        android:required="true" />
14-->src\main\AndroidManifest.xml:54:50-73
15
16    <uses-permission android:name="android.permission.INTERNET" />
16-->src\main\AndroidManifest.xml:55:3-65
16-->src\main\AndroidManifest.xml:55:20-62
17    <uses-permission android:name="android.permission.WRITE_EXTERNAL_STORAGE" />
17-->src\main\AndroidManifest.xml:56:3-79
17-->src\main\AndroidManifest.xml:56:20-76
18    <uses-permission android:name="android.permission.ACCESS_NETWORK_STATE" />
18-->src\main\AndroidManifest.xml:57:3-77
18-->src\main\AndroidManifest.xml:57:20-74
19    <uses-permission android:name="android.permission.WAKE_LOCK" />
19-->src\main\AndroidManifest.xml:58:3-66
19-->src\main\AndroidManifest.xml:58:20-63
20    <uses-permission android:name="com.android.vending.CHECK_LICENSE" />
20-->src\main\AndroidManifest.xml:59:3-71
20-->src\main\AndroidManifest.xml:59:20-68
21    <uses-permission android:name="android.permission.ACCESS_WIFI_STATE" />
21-->src\main\AndroidManifest.xml:60:3-74
21-->src\main\AndroidManifest.xml:60:20-71
22    <uses-permission android:name="android.permission.MODIFY_AUDIO_SETTINGS" />
22-->src\main\AndroidManifest.xml:61:3-78
22-->src\main\AndroidManifest.xml:61:20-75
23    <uses-permission android:name="android.permission.VIBRATE" />
23-->src\main\AndroidManifest.xml:62:3-64
23-->src\main\AndroidManifest.xml:62:20-61
24    <uses-permission android:name="com.android.vending.BILLING" />
24-->src\main\AndroidManifest.xml:63:3-65
24-->src\main\AndroidManifest.xml:63:20-62
25    <!-- Supported texture compression formats (cooked) -->
26    <supports-gl-texture android:name="GL_KHR_texture_compression_astc_ldr" />
26-->src\main\AndroidManifest.xml:65:3-77
26-->src\main\AndroidManifest.xml:65:24-74
27    <!-- Application Definition -->
28    <application
28-->src\main\AndroidManifest.xml:3:3-52:17
29        android:name="com.epicgames.unreal.GameApplication"
29-->src\main\AndroidManifest.xml:3:147-198
30        android:appComponentFactory="androidx.core.app.CoreComponentFactory"
30-->[androidx.core:core:1.0.0] AndroidManifest.xml:22:18-86
31        android:debuggable="true"
32        android:extractNativeLibs="true"
32-->src\main\AndroidManifest.xml:3:114-146
33        android:hardwareAccelerated="true"
33-->src\main\AndroidManifest.xml:3:79-113
34        android:hasCode="true"
34-->src\main\AndroidManifest.xml:3:243-265
35        android:icon="@drawable/icon"
35-->src\main\AndroidManifest.xml:3:49-78
36        android:label="@string/app_name"
36-->src\main\AndroidManifest.xml:3:16-48
37        android:requestLegacyExternalStorage="true" >
37-->src\main\AndroidManifest.xml:3:199-242
38        <activity
38-->src\main\AndroidManifest.xml:4:5-9:16
39            android:name="com.epicgames.unreal.SplashActivity"
39-->src\main\AndroidManifest.xml:4:15-65
40            android:debuggable="true"
40-->src\main\AndroidManifest.xml:4:275-300
41            android:exported="true"
41-->src\main\AndroidManifest.xml:4:66-89
42            android:label="@string/app_name"
42-->src\main\AndroidManifest.xml:4:90-122
43            android:launchMode="singleTask"
43-->src\main\AndroidManifest.xml:4:164-195
44            android:resizeableActivity="false"
44-->src\main\AndroidManifest.xml:4:196-230
45            android:screenOrientation="sensorLandscape"
45-->src\main\AndroidManifest.xml:4:231-274
46            android:theme="@style/UnrealSplashTheme" >
46-->src\main\AndroidManifest.xml:4:123-163
47            <intent-filter>
47-->src\main\AndroidManifest.xml:5:7-8:23
48                <action android:name="android.intent.action.MAIN" />
48-->src\main\AndroidManifest.xml:6:9-61
48-->src\main\AndroidManifest.xml:6:17-58
49
50                <category android:name="android.intent.category.LAUNCHER" />
50-->src\main\AndroidManifest.xml:7:9-69
50-->src\main\AndroidManifest.xml:7:19-66
51            </intent-filter>
52        </activity>
53        <activity
53-->src\main\AndroidManifest.xml:10:5-12:16
54            android:name="com.epicgames.unreal.GameActivity"
54-->src\main\AndroidManifest.xml:10:15-63
55            android:configChanges="mcc|mnc|uiMode|density|screenSize|smallestScreenSize|screenLayout|orientation|keyboardHidden|keyboard|navigation|touchscreen|locale|fontScale|layoutDirection"
55-->src\main\AndroidManifest.xml:10:138-319
56            android:debuggable="true"
56-->src\main\AndroidManifest.xml:10:431-456
57            android:label="@string/app_name"
57-->src\main\AndroidManifest.xml:10:64-96
58            android:launchMode="singleTask"
58-->src\main\AndroidManifest.xml:10:355-386
59            android:resizeableActivity="false"
59-->src\main\AndroidManifest.xml:10:320-354
60            android:screenOrientation="sensorLandscape"
60-->src\main\AndroidManifest.xml:10:387-430
61            android:theme="@style/UnrealSplashTheme" >
61-->src\main\AndroidManifest.xml:10:97-137
62            <meta-data
62-->src\main\AndroidManifest.xml:11:7-79
63                android:name="android.app.lib_name"
63-->src\main\AndroidManifest.xml:11:18-53
64                android:value="Unreal" />
64-->src\main\AndroidManifest.xml:11:54-76
65        </activity>
66        <activity
66-->src\main\AndroidManifest.xml:13:5-231
67            android:name="com.PopularInc.Popular_VR.DownloaderActivity"
67-->src\main\AndroidManifest.xml:13:15-49
68            android:configChanges="mcc|mnc|uiMode|density|screenSize|orientation|keyboardHidden|keyboard"
68-->src\main\AndroidManifest.xml:13:94-187
69            android:screenOrientation="sensorLandscape"
69-->src\main\AndroidManifest.xml:13:50-93
70            android:theme="@style/UnrealSplashTheme" />
70-->src\main\AndroidManifest.xml:13:188-228
71
72        <meta-data
72-->src\main\AndroidManifest.xml:14:5-103
73            android:name="com.epicgames.unreal.GameActivity.EngineVersion"
73-->src\main\AndroidManifest.xml:14:16-78
74            android:value="5.0.2" />
74-->src\main\AndroidManifest.xml:14:79-100
75        <meta-data
75-->src\main\AndroidManifest.xml:15:5-114
76            android:name="com.epicgames.unreal.GameActivity.EngineBranch"
76-->src\main\AndroidManifest.xml:15:16-77
77            android:value="++UE5+Release-5.0" />
77-->src\main\AndroidManifest.xml:15:78-111
78        <meta-data
78-->src\main\AndroidManifest.xml:16:5-106
79            android:name="com.epicgames.unreal.GameActivity.ProjectVersion"
79-->src\main\AndroidManifest.xml:16:16-79
80            android:value="1.0.0.0" />
80-->src\main\AndroidManifest.xml:16:80-103
81        <meta-data
81-->src\main\AndroidManifest.xml:17:5-107
82            android:name="com.epicgames.unreal.GameActivity.DepthBufferPreference"
82-->src\main\AndroidManifest.xml:17:16-86
83            android:value="0" />
83-->src\main\AndroidManifest.xml:17:87-104
84        <meta-data
84-->src\main\AndroidManifest.xml:18:5-111
85            android:name="com.epicgames.unreal.GameActivity.bPackageDataInsideApk"
85-->src\main\AndroidManifest.xml:18:16-86
86            android:value="false" />
86-->src\main\AndroidManifest.xml:18:87-108
87        <meta-data
87-->src\main\AndroidManifest.xml:19:5-109
88            android:name="com.epicgames.unreal.GameActivity.bVerifyOBBOnStartUp"
88-->src\main\AndroidManifest.xml:19:16-84
89            android:value="false" />
89-->src\main\AndroidManifest.xml:19:85-106
90        <meta-data
90-->src\main\AndroidManifest.xml:20:5-102
91            android:name="com.epicgames.unreal.GameActivity.bShouldHideUI"
91-->src\main\AndroidManifest.xml:20:16-78
92            android:value="true" />
92-->src\main\AndroidManifest.xml:20:79-99
93        <meta-data
93-->src\main\AndroidManifest.xml:21:5-106
94            android:name="com.epicgames.unreal.GameActivity.ProjectName"
94-->src\main\AndroidManifest.xml:21:16-76
95            android:value="Popular_VR" />
95-->src\main\AndroidManifest.xml:21:77-103
96        <meta-data
96-->src\main\AndroidManifest.xml:22:5-92
97            android:name="com.epicgames.unreal.GameActivity.AppType"
97-->src\main\AndroidManifest.xml:22:16-72
98            android:value="" />
98-->src\main\AndroidManifest.xml:22:73-89
99        <meta-data
99-->src\main\AndroidManifest.xml:23:5-102
100            android:name="com.epicgames.unreal.GameActivity.bHasOBBFiles"
100-->src\main\AndroidManifest.xml:23:16-77
101            android:value="false" />
101-->src\main\AndroidManifest.xml:23:78-99
102        <meta-data
102-->src\main\AndroidManifest.xml:24:5-114
103            android:name="com.epicgames.unreal.GameActivity.BuildConfiguration"
103-->src\main\AndroidManifest.xml:24:16-83
104            android:value="Development" />
104-->src\main\AndroidManifest.xml:24:84-111
105        <meta-data
105-->src\main\AndroidManifest.xml:25:5-102
106            android:name="com.epicgames.unreal.GameActivity.CookedFlavors"
106-->src\main\AndroidManifest.xml:25:16-78
107            android:value="ASTC" />
107-->src\main\AndroidManifest.xml:25:79-99
108        <meta-data
108-->src\main\AndroidManifest.xml:26:5-112
109            android:name="com.epicgames.unreal.GameActivity.bValidateTextureFormats"
109-->src\main\AndroidManifest.xml:26:16-88
110            android:value="true" />
110-->src\main\AndroidManifest.xml:26:89-109
111        <meta-data
111-->src\main\AndroidManifest.xml:27:5-109
112            android:name="com.epicgames.unreal.GameActivity.bUseExternalFilesDir"
112-->src\main\AndroidManifest.xml:27:16-85
113            android:value="true" />
113-->src\main\AndroidManifest.xml:27:86-106
114        <meta-data
114-->src\main\AndroidManifest.xml:28:5-105
115            android:name="com.epicgames.unreal.GameActivity.bPublicLogFiles"
115-->src\main\AndroidManifest.xml:28:16-80
116            android:value="false" />
116-->src\main\AndroidManifest.xml:28:81-102
117        <meta-data
117-->src\main\AndroidManifest.xml:29:5-107
118            android:name="com.epicgames.unreal.GameActivity.bUseDisplayCutout"
118-->src\main\AndroidManifest.xml:29:16-82
119            android:value="false" />
119-->src\main\AndroidManifest.xml:29:83-104
120        <meta-data
120-->src\main\AndroidManifest.xml:30:5-99
121            android:name="com.epicgames.unreal.GameActivity.bAllowIMU"
121-->src\main\AndroidManifest.xml:30:16-74
122            android:value="false" />
122-->src\main\AndroidManifest.xml:30:75-96
123        <meta-data
123-->src\main\AndroidManifest.xml:31:5-104
124            android:name="com.epicgames.unreal.GameActivity.bSupportsVulkan"
124-->src\main\AndroidManifest.xml:31:16-80
125            android:value="true" />
125-->src\main\AndroidManifest.xml:31:81-101
126        <meta-data
126-->src\main\AndroidManifest.xml:32:5-144
127            android:name="com.epicgames.unreal.GameActivity.StartupPermissions"
127-->src\main\AndroidManifest.xml:32:16-83
128            android:value="android.permission.WRITE_EXTERNAL_STORAGE" />
128-->src\main\AndroidManifest.xml:32:84-141
129        <meta-data
129-->src\main\AndroidManifest.xml:33:5-100
130            android:name="com.google.android.gms.games.APP_ID"
130-->src\main\AndroidManifest.xml:33:16-66
131            android:value="@string/app_id" />
131-->src\main\AndroidManifest.xml:33:67-97
132        <meta-data
132-->src\main\AndroidManifest.xml:34:5-118
133            android:name="com.google.android.gms.version"
133-->src\main\AndroidManifest.xml:34:16-61
134            android:value="@integer/google_play_services_version" />
134-->src\main\AndroidManifest.xml:34:62-115
135
136        <activity
136-->src\main\AndroidManifest.xml:35:5-180
137            android:name="com.google.android.gms.ads.AdActivity"
137-->src\main\AndroidManifest.xml:35:15-67
138            android:configChanges="keyboard|keyboardHidden|orientation|screenLayout|uiMode|screenSize|smallestScreenSize" />
138-->src\main\AndroidManifest.xml:35:68-177
139
140        <service android:name="com.PopularInc.Popular_VR.OBBDownloaderService" />
140-->src\main\AndroidManifest.xml:36:5-52
140-->src\main\AndroidManifest.xml:36:14-49
141
142        <receiver android:name="com.PopularInc.Popular_VR.AlarmReceiver" />
142-->src\main\AndroidManifest.xml:37:5-46
142-->src\main\AndroidManifest.xml:37:15-43
143        <receiver android:name="com.epicgames.unreal.LocalNotificationReceiver" />
143-->src\main\AndroidManifest.xml:38:5-79
143-->src\main\AndroidManifest.xml:38:15-76
144        <receiver
144-->src\main\AndroidManifest.xml:39:5-43:16
145            android:name="com.epicgames.unreal.MulticastBroadcastReceiver"
145-->src\main\AndroidManifest.xml:39:15-77
146            android:exported="true" >
146-->src\main\AndroidManifest.xml:39:78-101
147            <intent-filter>
147-->src\main\AndroidManifest.xml:40:7-42:23
148                <action android:name="com.android.vending.INSTALL_REFERRER" />
148-->src\main\AndroidManifest.xml:41:9-71
148-->src\main\AndroidManifest.xml:41:17-68
149            </intent-filter>
150        </receiver>
151
152        <meta-data
152-->src\main\AndroidManifest.xml:44:5-73
153            android:name="android.max_aspect"
153-->src\main\AndroidManifest.xml:44:16-49
154            android:value="2.10" />
154-->src\main\AndroidManifest.xml:44:50-70
155        <meta-data
155-->src\main\AndroidManifest.xml:45:5-83
156            android:name="com.oculus.supportedDevices"
156-->src\main\AndroidManifest.xml:45:16-58
157            android:value="quest" />
157-->src\main\AndroidManifest.xml:45:59-80
158
159        <receiver
159-->src\main\AndroidManifest.xml:46:5-50:16
160            android:name="com.epicgames.unreal.RemoteFileManagerReceiver"
160-->src\main\AndroidManifest.xml:46:15-76
161            android:exported="true" >
161-->src\main\AndroidManifest.xml:46:77-100
162            <intent-filter>
162-->src\main\AndroidManifest.xml:47:7-49:23
163                <action android:name="com.epicgames.unreal.RemoteFileManager.intent.COMMAND" />
163-->src\main\AndroidManifest.xml:48:9-88
163-->src\main\AndroidManifest.xml:48:17-85
164            </intent-filter>
165        </receiver>
166
167        <meta-data
167-->src\main\AndroidManifest.xml:51:5-117
168            android:name="com.epicgames.unreal.RemoteFileManager.bAllowNetworkConnection"
168-->src\main\AndroidManifest.xml:51:16-93
169            android:value="true" />
169-->src\main\AndroidManifest.xml:51:94-114
170
171        <activity
171-->[com.google.android.gms:play-services-auth:11.8.0] AndroidManifest.xml:23:9-27:75
172            android:name="com.google.android.gms.auth.api.signin.internal.SignInHubActivity"
172-->[com.google.android.gms:play-services-auth:11.8.0] AndroidManifest.xml:24:13-93
173            android:excludeFromRecents="true"
173-->[com.google.android.gms:play-services-auth:11.8.0] AndroidManifest.xml:25:13-46
174            android:exported="false"
174-->[com.google.android.gms:play-services-auth:11.8.0] AndroidManifest.xml:26:13-37
175            android:theme="@android:style/Theme.Translucent.NoTitleBar" />
175-->[com.google.android.gms:play-services-auth:11.8.0] AndroidManifest.xml:27:13-72
176        <!--
177            Service handling Google Sign-In user revocation. For apps that do not integrate with
178            Google Sign-In, this service will never be started.
179        -->
180        <service
180-->[com.google.android.gms:play-services-auth:11.8.0] AndroidManifest.xml:33:9-36:110
181            android:name="com.google.android.gms.auth.api.signin.RevocationBoundService"
181-->[com.google.android.gms:play-services-auth:11.8.0] AndroidManifest.xml:34:13-89
182            android:exported="true"
182-->[com.google.android.gms:play-services-auth:11.8.0] AndroidManifest.xml:35:13-36
183            android:permission="com.google.android.gms.auth.api.signin.permission.REVOCATION_NOTIFICATION" />
183-->[com.google.android.gms:play-services-auth:11.8.0] AndroidManifest.xml:36:13-107
184
185        <meta-data
185-->[com.android.billingclient:billing:3.0.0] AndroidManifest.xml:13:9-15:37
186            android:name="com.google.android.play.billingclient.version"
186-->[com.android.billingclient:billing:3.0.0] AndroidManifest.xml:14:13-73
187            android:value="3.0.0" />
187-->[com.android.billingclient:billing:3.0.0] AndroidManifest.xml:15:13-34
188
189        <activity
189-->[com.android.billingclient:billing:3.0.0] AndroidManifest.xml:17:9-20:75
190            android:name="com.android.billingclient.api.ProxyBillingActivity"
190-->[com.android.billingclient:billing:3.0.0] AndroidManifest.xml:18:13-78
191            android:configChanges="keyboard|keyboardHidden|screenLayout|screenSize|orientation"
191-->[com.android.billingclient:billing:3.0.0] AndroidManifest.xml:19:13-96
192            android:theme="@android:style/Theme.Translucent.NoTitleBar" />
192-->[com.android.billingclient:billing:3.0.0] AndroidManifest.xml:20:13-72
193        <activity
193-->[com.google.android.gms:play-services-base:11.8.0] AndroidManifest.xml:23:9-26:75
194            android:name="com.google.android.gms.common.api.GoogleApiActivity"
194-->[com.google.android.gms:play-services-base:11.8.0] AndroidManifest.xml:24:13-79
195            android:exported="false"
195-->[com.google.android.gms:play-services-base:11.8.0] AndroidManifest.xml:25:13-37
196            android:theme="@android:style/Theme.Translucent.NoTitleBar" />
196-->[com.google.android.gms:play-services-base:11.8.0] AndroidManifest.xml:26:13-72
197
198        <provider
198-->[androidx.lifecycle:lifecycle-process:2.0.0] AndroidManifest.xml:23:9-27:43
199            android:name="androidx.lifecycle.ProcessLifecycleOwnerInitializer"
199-->[androidx.lifecycle:lifecycle-process:2.0.0] AndroidManifest.xml:24:13-79
200            android:authorities="com.PopularInc.Popular_VR.lifecycle-process"
200-->[androidx.lifecycle:lifecycle-process:2.0.0] AndroidManifest.xml:25:13-69
201            android:exported="false"
201-->[androidx.lifecycle:lifecycle-process:2.0.0] AndroidManifest.xml:26:13-37
202            android:multiprocess="true" />
202-->[androidx.lifecycle:lifecycle-process:2.0.0] AndroidManifest.xml:27:13-40
203    </application>
204
205</manifest>